PhoenixMarketCity_android-master 3/app/build/outputs/logs/manifest-merger-debug-report.txt
-- Merging decision tree log ---
manifest
ADDED from src/main/AndroidManifest.xml:2:1-65:12
	package
		ADDED from src/main/AndroidManifest.xml:3:5-43
		INJECTED from src/main/AndroidManifest.xml
		INJECTED from src/main/AndroidManifest.xml
	android:versionName
		INJECTED from src/main/AndroidManifest.xml
		INJECTED from src/main/AndroidManifest.xml
	xmlns:android
		ADDED from src/main/AndroidManifest.xml:2:11-69
	android:versionCode
		INJECTED from src/main/AndroidManifest.xml
		INJECTED from src/main/AndroidManifest.xml
uses-permission#android.permission.WRITE_EXTERNAL_STORAGE
ADDED from src/main/AndroidManifest.xml:5:5-83
MERGED from [net.hockeyapp.android:HockeySDK:5.1.0] AndroidManifest.xml:13:5-15:38
	android:maxSdkVersion
		ADDED from [net.hockeyapp.android:HockeySDK:5.1.0] AndroidManifest.xml:15:9-35
	android:name
		ADDED from src/main/AndroidManifest.xml:5:22-80
uses-permission#android.permission.READ_EXTERNAL_STORAGE
ADDED from src/main/AndroidManifest.xml:6:5-82
	android:name
		ADDED from src/main/AndroidManifest.xml:6:22-79
uses-permission#android.permission.RECEIVE_BOOT_COMPLETED
ADDED from src/main/AndroidManifest.xml:7:5-81
	android:name
		ADDED from src/main/AndroidManifest.xml:7:22-78
application
ADDED from src/main/AndroidManifest.xml:9:5-62:19
MERGED from [com.android.support:design:25.3.1] AndroidManifest.xml:29:5-20
MERGED from [com.android.support:transition:25.3.1] AndroidManifest.xml:26:5-20
MERGED from [PhoenixMarketCity_android-master 3:intripperLibrary:unspecified] AndroidManifest.xml:27:5-61:19
MERGED from [:Intripper_2.5:] AndroidManifest.xml:21:5-65:19
MERGED from [com.android.support.constraint:constraint-layout:1.0.2] AndroidManifest.xml:9:5-20
MERGED from [com.hannesdorfmann.smoothprogressbar:library:1.0.0] AndroidManifest.xml:12:5-20
MERGED from [com.sothree.slidinguppanel:library:3.3.0] AndroidManifest.xml:9:5-20
MERGED from [com.crashlytics.sdk.android:crashlytics:2.6.8] AndroidManifest.xml:11:5-20
MERGED from [com.crashlytics.sdk.android:beta:1.2.5] AndroidManifest.xml:11:5-20
MERGED from [com.crashlytics.sdk.android:crashlytics-core:2.3.17] AndroidManifest.xml:54:5-20
MERGED from [com.crashlytics.sdk.android:answers:1.3.13] AndroidManifest.xml:11:5-20
MERGED from [io.fabric.sdk.android:fabric:1.3.17] AndroidManifest.xml:31:5-20
MERGED from [com.google.android.gms:play-services:11.0.0] AndroidManifest.xml:5:5-20
MERGED from [com.google.android.gms:play-services-ads-lite:11.0.0] AndroidManifest.xml:23:5-26:19
MERGED from [com.google.android.gms:play-services-analytics:11.0.0] AndroidManifest.xml:26:5-19
MERGED from [com.google.android.gms:play-services-appinvite:11.0.0] AndroidManifest.xml:19:5-26:19
MERGED from [com.google.android.gms:play-services-auth:11.0.0] AndroidManifest.xml:19:5-25:19
MERGED from [com.google.android.gms:play-services-cast-framework:11.0.0] AndroidManifest.xml:4:5-8:19
MERGED from [com.google.android.gms:play-services-cast:11.0.0] AndroidManifest.xml:18:5-19
MERGED from [com.android.support:mediarouter-v7:25.2.0] AndroidManifest.xml:22:5-20
MERGED from [com.android.support:appcompat-v7:25.3.1] AndroidManifest.xml:29:5-20
MERGED from [com.android.support:animated-vector-drawable:25.3.1] AndroidManifest.xml:26:5-20
MERGED from [com.android.support:support-vector-drawable:25.3.1] AndroidManifest.xml:26:5-20
MERGED from [com.android.support:palette-v7:25.2.0] AndroidManifest.xml:22:5-23:19
MERGED from [com.google.android.gms:play-services-clearcut:11.0.0] AndroidManifest.xml:18:5-19
MERGED from [com.google.firebase:firebase-config:11.0.0] AndroidManifest.xml:18:5-19
MERGED from [com.google.android.gms:play-services-awareness:11.0.0] AndroidManifest.xml:18:5-19
MERGED from [com.google.firebase:firebase-crash:11.0.0] AndroidManifest.xml:22:5-23:19
MERGED from [com.google.firebase:firebase-auth:11.0.0] AndroidManifest.xml:19:5-20:19
MERGED from [com.google.firebase:firebase-dynamic-links:11.0.0] AndroidManifest.xml:5:3-17
MERGED from [com.google.firebase:firebase-messaging:11.0.0] AndroidManifest.xml:19:5-29:19
MERGED from [com.google.android.gms:play-services-fitness:11.0.0] AndroidManifest.xml:18:5-19
MERGED from [com.google.android.gms:play-services-games:11.0.0] AndroidManifest.xml:18:5-19
MERGED from [com.google.android.gms:play-services-drive:11.0.0] AndroidManifest.xml:18:5-19
MERGED from [com.google.android.gms:play-services-gass:11.0.0] AndroidManifest.xml:4:5-19
MERGED from [com.google.android.gms:play-services-gcm:11.0.0] AndroidManifest.xml:23:5-19
MERGED from [com.google.firebase:firebase-appindexing:11.0.0] AndroidManifest.xml:18:5-19
MERGED from [com.google.android.gms:play-services-iid:11.0.0] AndroidManifest.xml:23:5-19
MERGED from [com.google.android.gms:play-services-location:11.0.0] AndroidManifest.xml:4:5-19
MERGED from [com.google.android.gms:play-services-nearby:11.0.0] AndroidManifest.xml:5:5-19
MERGED from [com.google.android.gms:play-services-panorama:11.0.0] AndroidManifest.xml:18:5-19
MERGED from [com.google.android.gms:play-services-places:11.0.0] AndroidManifest.xml:18:5-19
MERGED from [com.google.android.gms:play-services-plus:11.0.0] AndroidManifest.xml:18:5-19
MERGED from [com.google.android.gms:play-services-safetynet:11.0.0] AndroidManifest.xml:18:5-19
MERGED from [com.google.android.gms:play-services-tagmanager-api:11.0.0] AndroidManifest.xml:23:5-33:19
MERGED from [com.google.firebase:firebase-analytics:11.0.0] AndroidManifest.xml:24:5-34:19
MERGED from [com.google.firebase:firebase-analytics-impl:11.0.0] AndroidManifest.xml:24:5-28:19
MERGED from [com.google.firebase:firebase-iid:11.0.0] AndroidManifest.xml:28:5-49:19
MERGED from [com.google.firebase:firebase-common:11.0.0] AndroidManifest.xml:4:5-7:19
MERGED from [com.google.android.gms:play-services-tagmanager-v4-impl:11.0.0] AndroidManifest.xml:19:5-19
MERGED from [com.google.android.gms:play-services-analytics-impl:11.0.0] AndroidManifest.xml:26:5-19
MERGED from [com.google.android.gms:play-services-vision:11.0.0] AndroidManifest.xml:4:5-19
MERGED from [com.google.android.gms:play-services-vision-common:11.0.0] AndroidManifest.xml:4:5-19
MERGED from [com.google.android.gms:play-services-identity:11.0.0] AndroidManifest.xml:18:5-19
MERGED from [com.google.android.gms:play-services-wearable:11.0.0] AndroidManifest.xml:18:5-19
MERGED from [com.google.android.gms:play-services-maps:11.0.0] AndroidManifest.xml:24:5-19
MERGED from [com.google.android.gms:play-services-base:11.0.0] AndroidManifest.xml:18:5-20:19
MERGED from [com.google.android.gms:play-services-tasks:11.0.0] AndroidManifest.xml:4:5-19
MERGED from [com.google.android.gms:play-services-basement:11.0.0] AndroidManifest.xml:19:5-21:19
MERGED from [com.android.support:support-v4:25.3.1] AndroidManifest.xml:29:5-20
MERGED from [com.android.support:support-fragment:25.3.1] AndroidManifest.xml:29:5-20
MERGED from [com.android.support:support-media-compat:25.3.1] AndroidManifest.xml:29:5-20
MERGED from [com.android.support:support-core-ui:25.3.1] AndroidManifest.xml:29:5-20
MERGED from [com.android.support:support-core-utils:25.3.1] AndroidManifest.xml:29:5-20
MERGED from [com.android.support:support-compat:25.3.1] AndroidManifest.xml:29:5-20
MERGED from [net.hockeyapp.android:HockeySDK:5.1.0] AndroidManifest.xml:18:5-26:19
	android:label
		ADDED from src/main/AndroidManifest.xml:12:9-41
	android:supportsRtl
		ADDED from src/main/AndroidManifest.xml:14:9-35
	android:allowClearUserData
		ADDED from [PhoenixMarketCity_android-master 3:intripperLibrary:unspecified] AndroidManifest.xml:28:9-42
	android:hardwareAccelerated
		ADDED from src/main/AndroidManifest.xml:13:9-43
	android:allowBackup
		ADDED from src/main/AndroidManifest.xml:10:9-35
	android:icon
		ADDED from src/main/AndroidManifest.xml:11:9-43
	android:theme
		ADDED from src/main/AndroidManifest.xml:15:9-40
activity#com.sanginfo.android.phoenix.Splash
ADDED from src/main/AndroidManifest.xml:16:9-26:20
	android:screenOrientation
		ADDED from src/main/AndroidManifest.xml:19:13-49
	android:noHistory
		ADDED from src/main/AndroidManifest.xml:18:13-39
	android:theme
		ADDED from src/main/AndroidManifest.xml:17:13-63
	android:name
		ADDED from src/main/AndroidManifest.xml:16:19-69
intent-filter#android.intent.action.MAIN+android.intent.category.LAUNCHER
ADDED from src/main/AndroidManifest.xml:21:13-25:29
action#android.intent.action.MAIN
ADDED from src/main/AndroidManifest.xml:22:17-69
	android:name
		ADDED from src/main/AndroidManifest.xml:22:25-66
category#android.intent.category.LAUNCHER
ADDED from src/main/AndroidManifest.xml:24:17-77
	android:name
		ADDED from src/main/AndroidManifest.xml:24:27-74
activity#com.sanginfo.intripper.libraryproject.ui.MapActivity
ADDED from src/main/AndroidManifest.xml:27:9-31:20
MERGED from [PhoenixMarketCity_android-master 3:intripperLibrary:unspecified] AndroidManifest.xml:31:9-36:55
	android:screenOrientation
		ADDED from src/main/AndroidManifest.xml:29:13-49
	android:windowSoftInputMode
		ADDED from [PhoenixMarketCity_android-master 3:intripperLibrary:unspecified] AndroidManifest.xml:36:13-52
	android:theme
		ADDED from [PhoenixMarketCity_android-master 3:intripperLibrary:unspecified] AndroidManifest.xml:35:13-72
	android:isScrollContainer
		ADDED from [PhoenixMarketCity_android-master 3:intripperLibrary:unspecified] AndroidManifest.xml:33:13-45
	android:name
		ADDED from src/main/AndroidManifest.xml:28:13-80
receiver#com.sanginfo.android.phoenix.AdminReceiver
ADDED from src/main/AndroidManifest.xml:33:9-44:20
	android:label
		ADDED from src/main/AndroidManifest.xml:35:13-45
	android:permission
		ADDED from src/main/AndroidManifest.xml:36:13-70
	android:name
		ADDED from src/main/AndroidManifest.xml:34:13-70
meta-data#android.app.device_admin
ADDED from src/main/AndroidManifest.xml:37:13-39:56
	android:resource
		ADDED from src/main/AndroidManifest.xml:39:17-53
	android:name
		ADDED from src/main/AndroidManifest.xml:38:17-56
intent-filter#android.app.action.DEVICE_ADMIN_ENABLED
ADDED from src/main/AndroidManifest.xml:41:13-43:29
action#android.app.action.DEVICE_ADMIN_ENABLED
ADDED from src/main/AndroidManifest.xml:42:17-82
	android:name
		ADDED from src/main/AndroidManifest.xml:42:25-79
receiver#com.sanginfo.android.phoenix.BootUpReceiver
ADDED from src/main/AndroidManifest.xml:46:9-53:20
	android:enabled
		ADDED from src/main/AndroidManifest.xml:46:19-41
	android:permission
		ADDED from src/main/AndroidManifest.xml:47:13-75
	android:name
		ADDED from src/main/AndroidManifest.xml:46:42-72
intent-filter#android.intent.action.BOOT_COMPLETED+android.intent.category.DEFAULT
ADDED from src/main/AndroidManifest.xml:49:13-52:29
action#android.intent.action.BOOT_COMPLETED
ADDED from src/main/AndroidManifest.xml:50:17-79
	android:name
		ADDED from src/main/AndroidManifest.xml:50:25-76
category#android.intent.category.DEFAULT
ADDED from src/main/AndroidManifest.xml:51:17-76
	android:name
		ADDED from src/main/AndroidManifest.xml:51:27-73
meta-data#com.google.android.maps.v2.API_KEY
ADDED from src/main/AndroidManifest.xml:55:9-57:71
	android:value
		ADDED from src/main/AndroidManifest.xml:57:13-68
	android:name
		ADDED from src/main/AndroidManifest.xml:56:13-62
meta-data#com.google.android.gms.version
ADDED from src/main/AndroidManifest.xml:58:9-60:69
MERGED from [PhoenixMarketCity_android-master 3:intripperLibrary:unspecified] AndroidManifest.xml:42:9-44:69
MERGED from [:Intripper_2.5:] AndroidManifest.xml:35:9-37:69
MERGED from [com.google.android.gms:play-services-basement:11.0.0] AndroidManifest.xml:20:9-121
	android:value
		ADDED from src/main/AndroidManifest.xml:60:13-66
	android:name
		ADDED from src/main/AndroidManifest.xml:59:13-58
meta-data#net.hockeyapp.android.appIdentifier
ADDED from src/main/AndroidManifest.xml:61:9-109
	android:value
		ADDED from src/main/AndroidManifest.xml:61:71-106
		INJECTED from src/main/AndroidManifest.xml
	android:name
		ADDED from src/main/AndroidManifest.xml:61:20-70
uses-permission#android.permission.INTERNET
ADDED from src/main/AndroidManifest.xml:64:5-67
MERGED from [PhoenixMarketCity_android-master 3:intripperLibrary:unspecified] AndroidManifest.xml:9:5-67
MERGED from [:Intripper_2.5:] AndroidManifest.xml:12:5-67
MERGED from [com.crashlytics.sdk.android:crashlytics:2.6.8] AndroidManifest.xml:9:5-67
MERGED from [com.crashlytics.sdk.android:beta:1.2.5] AndroidManifest.xml:9:5-67
MERGED from [com.crashlytics.sdk.android:crashlytics-core:2.3.17] AndroidManifest.xml:52:5-67
MERGED from [com.crashlytics.sdk.android:answers:1.3.13] AndroidManifest.xml:9:5-67
MERGED from [io.fabric.sdk.android:fabric:1.3.17] AndroidManifest.xml:29:5-67
MERGED from [com.google.android.gms:play-services-ads-lite:11.0.0] AndroidManifest.xml:19:5-66
MERGED from [com.google.android.gms:play-services-analytics:11.0.0] AndroidManifest.xml:20:5-66
MERGED from [com.google.android.gms:play-services-appinvite:11.0.0] AndroidManifest.xml:18:5-66
MERGED from [com.google.firebase:firebase-crash:11.0.0] AndroidManifest.xml:18:5-66
MERGED from [com.google.android.gms:play-services-gcm:11.0.0] AndroidManifest.xml:21:5-66
MERGED from [com.google.android.gms:play-services-iid:11.0.0] AndroidManifest.xml:21:5-66
MERGED from [com.google.android.gms:play-services-tagmanager-api:11.0.0] AndroidManifest.xml:20:5-66
MERGED from [com.google.firebase:firebase-analytics:11.0.0] AndroidManifest.xml:20:5-66
MERGED from [com.google.firebase:firebase-analytics-impl:11.0.0] AndroidManifest.xml:20:5-66
MERGED from [com.google.firebase:firebase-iid:11.0.0] AndroidManifest.xml:20:5-66
MERGED from [com.google.android.gms:play-services-analytics-impl:11.0.0] AndroidManifest.xml:20:5-66
MERGED from [com.google.android.gms:play-services-maps:11.0.0] AndroidManifest.xml:20:5-66
MERGED from [net.hockeyapp.android:HockeySDK:5.1.0] AndroidManifest.xml:12:5-67
	android:name
		ADDED from src/main/AndroidManifest.xml:64:22-64
uses-sdk
INJECTED from src/main/AndroidManifest.xml reason: use-sdk injection requested
MERGED from [com.android.support:design:25.3.1] AndroidManifest.xml:21:5-23:62
MERGED from [com.android.support:transition:25.3.1] AndroidManifest.xml:20:5-44
MERGED from [PhoenixMarketCity_android-master 3:intripperLibrary:unspecified] AndroidManifest.xml:5:5-7:41
MERGED from [:Intripper_2.5:] AndroidManifest.xml:7:5-9:41
MERGED from [com.android.support.constraint:constraint-layout:1.0.2] AndroidManifest.xml:5:5-7:41
MERGED from [com.hannesdorfmann.smoothprogressbar:library:1.0.0] AndroidManifest.xml:8:5-10:41
MERGED from [com.sothree.slidinguppanel:library:3.3.0] AndroidManifest.xml:7:5-43
MERGED from [com.android.support:recyclerview-v7:25.3.1] AndroidManifest.xml:20:5-43
MERGED from [com.crashlytics.sdk.android:crashlytics:2.6.8] AndroidManifest.xml:7:5-43
MERGED from [com.crashlytics.sdk.android:beta:1.2.5] AndroidManifest.xml:7:5-43
MERGED from [com.crashlytics.sdk.android:crashlytics-core:2.3.17] AndroidManifest.xml:50:5-43
MERGED from [com.crashlytics.sdk.android:answers:1.3.13] AndroidManifest.xml:7:5-43
MERGED from [io.fabric.sdk.android:fabric:1.3.17] AndroidManifest.xml:27:5-43
MERGED from [com.android.support:multidex:1.0.1] AndroidManifest.xml:18:5-42
MERGED from [com.google.android.gms:play-services:11.0.0] AndroidManifest.xml:4:5-43
MERGED from [com.google.android.gms:play-services-ads:11.0.0] AndroidManifest.xml:17:5-43
MERGED from [com.google.android.gms:play-services-ads-lite:11.0.0] AndroidManifest.xml:22:5-43
MERGED from [com.google.android.gms:play-services-analytics:11.0.0] AndroidManifest.xml:17:5-43
MERGED from [com.google.android.gms:play-services-appinvite:11.0.0] AndroidManifest.xml:17:5-43
MERGED from [com.google.android.gms:play-services-auth-api-phone:11.0.0] AndroidManifest.xml:3:3-41
MERGED from [com.google.android.gms:play-services-auth:11.0.0] AndroidManifest.xml:17:5-43
MERGED from [com.google.android.gms:play-services-auth-base:11.0.0] AndroidManifest.xml:4:5-43
MERGED from [com.google.android.gms:play-services-cast-framework:11.0.0] AndroidManifest.xml:3:5-43
MERGED from [com.google.android.gms:play-services-cast:11.0.0] AndroidManifest.xml:17:5-43
MERGED from [com.android.support:mediarouter-v7:25.2.0] AndroidManifest.xml:20:5-43
MERGED from [com.android.support:appcompat-v7:25.3.1] AndroidManifest.xml:21:5-23:78
MERGED from [com.android.support:animated-vector-drawable:25.3.1] AndroidManifest.xml:20:5-44
MERGED from [com.android.support:support-vector-drawable:25.3.1] AndroidManifest.xml:20:5-43
MERGED from [com.android.support:palette-v7:25.2.0] AndroidManifest.xml:20:5-43
MERGED from [com.google.android.gms:play-services-clearcut:11.0.0] AndroidManifest.xml:17:5-43
MERGED from [com.google.firebase:firebase-config:11.0.0] AndroidManifest.xml:17:5-43
MERGED from [com.google.android.gms:play-services-awareness:11.0.0] AndroidManifest.xml:17:5-43
MERGED from [com.google.firebase:firebase-crash:11.0.0] AndroidManifest.xml:20:5-43
MERGED from [com.google.firebase:firebase-auth:11.0.0] AndroidManifest.xml:17:5-43
MERGED from [com.google.firebase:firebase-database:11.0.0] AndroidManifest.xml:3:5-43
MERGED from [com.google.firebase:firebase-database-connection:11.0.0] AndroidManifest.xml:3:5-43
MERGED from [com.google.firebase:firebase-dynamic-links:11.0.0] AndroidManifest.xml:3:3-41
MERGED from [com.google.firebase:firebase-messaging:11.0.0] AndroidManifest.xml:17:5-43
MERGED from [com.google.firebase:firebase-storage:11.0.0] AndroidManifest.xml:3:5-43
MERGED from [com.google.firebase:firebase-storage-common:11.0.0] AndroidManifest.xml:3:5-43
MERGED from [com.google.android.gms:play-services-fitness:11.0.0] AndroidManifest.xml:17:5-43
MERGED from [com.google.android.gms:play-services-games:11.0.0] AndroidManifest.xml:17:5-43
MERGED from [com.google.android.gms:play-services-drive:11.0.0] AndroidManifest.xml:17:5-43
MERGED from [com.google.android.gms:play-services-gass:11.0.0] AndroidManifest.xml:3:5-43
MERGED from [com.google.android.gms:play-services-gcm:11.0.0] AndroidManifest.xml:17:5-43
MERGED from [com.google.firebase:firebase-appindexing:11.0.0] AndroidManifest.xml:17:5-43
MERGED from [com.google.android.gms:play-services-iid:11.0.0] AndroidManifest.xml:17:5-43
MERGED from [com.google.android.gms:play-services-instantapps:11.0.0] AndroidManifest.xml:3:5-43
MERGED from [com.google.android.gms:play-services-location:11.0.0] AndroidManifest.xml:3:5-43
MERGED from [com.google.android.gms:play-services-nearby:11.0.0] AndroidManifest.xml:3:5-43
MERGED from [com.google.android.gms:play-services-panorama:11.0.0] AndroidManifest.xml:17:5-43
MERGED from [com.google.android.gms:play-services-places:11.0.0] AndroidManifest.xml:17:5-43
MERGED from [com.google.android.gms:play-services-plus:11.0.0] AndroidManifest.xml:17:5-43
MERGED from [com.google.android.gms:play-services-safetynet:11.0.0] AndroidManifest.xml:17:5-43
MERGED from [com.google.android.gms:play-services-tagmanager:11.0.0] AndroidManifest.xml:17:5-43
MERGED from [com.google.android.gms:play-services-tagmanager-api:11.0.0] AndroidManifest.xml:17:5-43
MERGED from [com.google.firebase:firebase-analytics:11.0.0] AndroidManifest.xml:17:5-43
MERGED from [com.google.firebase:firebase-analytics-impl:11.0.0] AndroidManifest.xml:17:5-43
MERGED from [com.google.firebase:firebase-iid:11.0.0] AndroidManifest.xml:17:5-43
MERGED from [com.google.firebase:firebase-common:11.0.0] AndroidManifest.xml:3:5-43
MERGED from [com.google.android.gms:play-services-tagmanager-v4-impl:11.0.0] AndroidManifest.xml:17:5-43
MERGED from [com.google.android.gms:play-services-analytics-impl:11.0.0] AndroidManifest.xml:17:5-43
MERGED from [com.google.android.gms:play-services-vision:11.0.0] AndroidManifest.xml:3:5-43
MERGED from [com.google.android.gms:play-services-vision-common:11.0.0] AndroidManifest.xml:3:5-43
MERGED from [com.google.android.gms:play-services-wallet:11.0.0] AndroidManifest.xml:18:5-43
MERGED from [com.google.android.gms:play-services-identity:11.0.0] AndroidManifest.xml:17:5-43
MERGED from [com.google.android.gms:play-services-wearable:11.0.0] AndroidManifest.xml:17:5-43
MERGED from [com.google.android.gms:play-services-maps:11.0.0] AndroidManifest.xml:23:5-43
MERGED from [com.google.android.gms:play-services-base:11.0.0] AndroidManifest.xml:17:5-43
MERGED from [com.google.android.gms:play-services-tasks:11.0.0] AndroidManifest.xml:3:5-43
MERGED from [com.google.android.gms:play-services-basement:11.0.0] AndroidManifest.xml:17:5-43
MERGED from [com.android.support:support-v4:25.3.1] AndroidManifest.xml:21:5-23:54
MERGED from [com.android.support:support-fragment:25.3.1] AndroidManifest.xml:21:5-23:60
MERGED from [com.android.support:support-media-compat:25.3.1] AndroidManifest.xml:21:5-23:63
MERGED from [com.android.support:support-core-ui:25.3.1] AndroidManifest.xml:21:5-23:58
MERGED from [com.android.support:support-core-utils:25.3.1] AndroidManifest.xml:21:5-23:61
MERGED from [com.android.support:support-compat:25.3.1] AndroidManifest.xml:21:5-23:58
MERGED from [net.hockeyapp.android:HockeySDK:5.1.0] AndroidManifest.xml:7:5-9:41
	tools:overrideLibrary
		ADDED from [com.android.support:design:25.3.1] AndroidManifest.xml:23:9-59
	android:targetSdkVersion
		INJECTED from src/main/AndroidManifest.xml
		INJECTED from src/main/AndroidManifest.xml
	android:minSdkVersion
		INJECTED from src/main/AndroidManifest.xml
		INJECTED from src/main/AndroidManifest.xml
meta-data#android.support.VERSION
ADDED from [com.android.support:design:25.3.1] AndroidManifest.xml:25:5-27:34
MERGED from [com.android.support:transition:25.3.1] AndroidManifest.xml:22:5-24:34
MERGED from [com.android.support:recyclerview-v7:25.3.1] AndroidManifest.xml:22:5-24:34
MERGED from [com.android.support:appcompat-v7:25.3.1] AndroidManifest.xml:25:5-27:34
MERGED from [com.android.support:animated-vector-drawable:25.3.1] AndroidManifest.xml:22:5-24:34
MERGED from [com.android.support:support-vector-drawable:25.3.1] AndroidManifest.xml:22:5-24:34
MERGED from [com.android.support:support-v4:25.3.1] AndroidManifest.xml:25:5-27:34
MERGED from [com.android.support:support-fragment:25.3.1] AndroidManifest.xml:25:5-27:34
MERGED from [com.android.support:support-media-compat:25.3.1] AndroidManifest.xml:25:5-27:34
MERGED from [com.android.support:support-core-ui:25.3.1] AndroidManifest.xml:25:5-27:34
MERGED from [com.android.support:support-core-utils:25.3.1] AndroidManifest.xml:25:5-27:34
MERGED from [com.android.support:support-compat:25.3.1] AndroidManifest.xml:25:5-27:34
	android:value
		ADDED from [com.android.support:design:25.3.1] AndroidManifest.xml:27:9-31
	android:name
		ADDED from [com.android.support:design:25.3.1] AndroidManifest.xml:26:9-47
uses-permission#android.permission.WRITE_INTERNAL_STORAGE
ADDED from [PhoenixMarketCity_android-master 3:intripperLibrary:unspecified] AndroidManifest.xml:10:5-81
	android:name
		ADDED from [PhoenixMarketCity_android-master 3:intripperLibrary:unspecified] AndroidManifest.xml:10:22-78
uses-permission#android.permission.READ_INTERNAL_STORAGE
ADDED from [PhoenixMarketCity_android-master 3:intripperLibrary:unspecified] AndroidManifest.xml:11:5-80
	android:name
		ADDED from [PhoenixMarketCity_android-master 3:intripperLibrary:unspecified] AndroidManifest.xml:11:22-77
uses-permission#android.permission.ACCESS_WIFI_STATE
ADDED from [PhoenixMarketCity_android-master 3:intripperLibrary:unspecified] AndroidManifest.xml:12:5-76
MERGED from [:Intripper_2.5:] AndroidManifest.xml:13:5-76
	android:name
		ADDED from [PhoenixMarketCity_android-master 3:intripperLibrary:unspecified] AndroidManifest.xml:12:22-73
uses-permission#android.permission.ACCESS_NETWORK_STATE
ADDED from [PhoenixMarketCity_android-master 3:intripperLibrary:unspecified] AndroidManifest.xml:13:5-79
MERGED from [:Intripper_2.5:] AndroidManifest.xml:14:5-79
MERGED from [com.google.android.gms:play-services-ads-lite:11.0.0] AndroidManifest.xml:20:5-78
MERGED from [com.google.android.gms:play-services-analytics:11.0.0] AndroidManifest.xml:21:5-78
MERGED from [com.google.android.gms:play-services-nearby:11.0.0] AndroidManifest.xml:4:5-78
MERGED from [com.google.android.gms:play-services-tagmanager-api:11.0.0] AndroidManifest.xml:21:5-78
MERGED from [com.google.firebase:firebase-analytics:11.0.0] AndroidManifest.xml:21:5-78
MERGED from [com.google.firebase:firebase-analytics-impl:11.0.0] AndroidManifest.xml:21:5-78
MERGED from [com.google.firebase:firebase-iid:11.0.0] AndroidManifest.xml:19:5-78
MERGED from [com.google.android.gms:play-services-analytics-impl:11.0.0] AndroidManifest.xml:21:5-78
MERGED from [com.google.android.gms:play-services-maps:11.0.0] AndroidManifest.xml:19:5-78
MERGED from [net.hockeyapp.android:HockeySDK:5.1.0] AndroidManifest.xml:11:5-79
	android:name
		ADDED from [PhoenixMarketCity_android-master 3:intripperLibrary:unspecified] AndroidManifest.xml:13:22-76
uses-permission#android.permission.CHANGE_NETWORK_STATE
ADDED from [PhoenixMarketCity_android-master 3:intripperLibrary:unspecified] AndroidManifest.xml:14:5-79
	android:name
		ADDED from [PhoenixMarketCity_android-master 3:intripperLibrary:unspecified] AndroidManifest.xml:14:22-76
uses-permission#android.permission.WAKE_LOCK
ADDED from [PhoenixMarketCity_android-master 3:intripperLibrary:unspecified] AndroidManifest.xml:15:5-68
MERGED from [:Intripper_2.5:] AndroidManifest.xml:11:5-68
MERGED from [com.google.android.gms:play-services-analytics:11.0.0] AndroidManifest.xml:24:5-67
MERGED from [com.google.firebase:firebase-analytics:11.0.0] AndroidManifest.xml:22:5-67
MERGED from [com.google.firebase:firebase-analytics-impl:11.0.0] AndroidManifest.xml:22:5-67
MERGED from [com.google.firebase:firebase-iid:11.0.0] AndroidManifest.xml:21:5-67
MERGED from [com.google.android.gms:play-services-analytics-impl:11.0.0] AndroidManifest.xml:24:5-67
	android:name
		ADDED from [PhoenixMarketCity_android-master 3:intripperLibrary:unspecified] AndroidManifest.xml:15:22-65
uses-permission#android.permission.WRITE_SETTINGS
ADDED from [PhoenixMarketCity_android-master 3:intripperLibrary:unspecified] AndroidManifest.xml:16:5-73
	android:name
		ADDED from [PhoenixMarketCity_android-master 3:intripperLibrary:unspecified] AndroidManifest.xml:16:22-70
uses-permission#android.permission.READ_PHONE_STATE
ADDED from [PhoenixMarketCity_android-master 3:intripperLibrary:unspecified] AndroidManifest.xml:17:5-75
	android:name
		ADDED from [PhoenixMarketCity_android-master 3:intripperLibrary:unspecified] AndroidManifest.xml:17:22-72
uses-permission#android.permission.VIBRATE
ADDED from [PhoenixMarketCity_android-master 3:intripperLibrary:unspecified] AndroidManifest.xml:18:5-66
	android:name
		ADDED from [PhoenixMarketCity_android-master 3:intripperLibrary:unspecified] AndroidManifest.xml:18:22-63
uses-permission#android.permission.ACCESS_COARSE_LOCATION
ADDED from [PhoenixMarketCity_android-master 3:intripperLibrary:unspecified] AndroidManifest.xml:20:5-81
	android:name
		ADDED from [PhoenixMarketCity_android-master 3:intripperLibrary:unspecified] AndroidManifest.xml:20:22-78
uses-permission#android.permission.ACCESS_FINE_LOCATION
ADDED from [PhoenixMarketCity_android-master 3:intripperLibrary:unspecified] AndroidManifest.xml:21:5-79
	android:name
		ADDED from [PhoenixMarketCity_android-master 3:intripperLibrary:unspecified] AndroidManifest.xml:21:22-76
uses-feature#0x00020000
ADDED from [PhoenixMarketCity_android-master 3:intripperLibrary:unspecified] AndroidManifest.xml:23:5-25:35
MERGED from [:Intripper_2.5:] AndroidManifest.xml:16:5-19:20
MERGED from [com.google.android.gms:play-services-maps:11.0.0] AndroidManifest.xml:21:5-77
	android:glEsVersion
		ADDED from [PhoenixMarketCity_android-master 3:intripperLibrary:unspecified] AndroidManifest.xml:24:9-41
	android:required
		ADDED from [PhoenixMarketCity_android-master 3:intripperLibrary:unspecified] AndroidManifest.xml:25:9-32
activity#com.sanginfo.intripper.libraryproject.ui.SearchScreen
ADDED from [PhoenixMarketCity_android-master 3:intripperLibrary:unspecified] AndroidManifest.xml:37:9-40:75
	android:screenOrientation
		ADDED from [PhoenixMarketCity_android-master 3:intripperLibrary:unspecified] AndroidManifest.xml:39:13-49
	android:theme
		ADDED from [PhoenixMarketCity_android-master 3:intripperLibrary:unspecified] AndroidManifest.xml:40:13-72
	android:name
		ADDED from [PhoenixMarketCity_android-master 3:intripperLibrary:unspecified] AndroidManifest.xml:38:13-81
meta-data#com.sanginfo.intripper.VENUE_ID
ADDED from [PhoenixMarketCity_android-master 3:intripperLibrary:unspecified] AndroidManifest.xml:46:9-48:34
	android:value
		ADDED from [PhoenixMarketCity_android-master 3:intripperLibrary:unspecified] AndroidManifest.xml:48:13-31
	android:name
		ADDED from [PhoenixMarketCity_android-master 3:intripperLibrary:unspecified] AndroidManifest.xml:47:13-59
meta-data#com.sanginfo.intripper.AUTH_TOKEN
ADDED from [PhoenixMarketCity_android-master 3:intripperLibrary:unspecified] AndroidManifest.xml:50:9-52:68
	android:value
		ADDED from [PhoenixMarketCity_android-master 3:intripperLibrary:unspecified] AndroidManifest.xml:52:13-65
	android:name
		ADDED from [PhoenixMarketCity_android-master 3:intripperLibrary:unspecified] AndroidManifest.xml:51:13-61
meta-data#io.fabric.ApiKey
ADDED from [PhoenixMarketCity_android-master 3:intripperLibrary:unspecified] AndroidManifest.xml:53:9-55:72
	android:value
		ADDED from [PhoenixMarketCity_android-master 3:intripperLibrary:unspecified] AndroidManifest.xml:55:13-69
	android:name
		ADDED from [PhoenixMarketCity_android-master 3:intripperLibrary:unspecified] AndroidManifest.xml:54:13-44
activity#com.sanginfo.intripper.libraryproject.ui.VideoPreviewActivity
ADDED from [PhoenixMarketCity_android-master 3:intripperLibrary:unspecified] AndroidManifest.xml:57:9-60:75
	android:screenOrientation
		ADDED from [PhoenixMarketCity_android-master 3:intripperLibrary:unspecified] AndroidManifest.xml:59:13-49
	android:theme
		ADDED from [PhoenixMarketCity_android-master 3:intripperLibrary:unspecified] AndroidManifest.xml:60:13-72
	android:name